<?xml version="1.0" encoding="UTF-8"?>
<!-- Generated by org.testng.reporters.JUnitXMLReporter -->
<testsuite hostname="MANWE" ignored="0" name="Command line test" tests="1" failures="1" timestamp="03 Mar 2020 17:47:12 GMT" time="0.044" errors="0">
  <testcase name="negativeTest" time="0.0" classname="com.herokuapp.theinternet.NegativeTests">
    <failure type="org.testng.TestNGException" message="
Parameter &amp;apos;username&amp;apos; is required by @Test on method negativeTest but has not been marked @Optional or defined
">
      <![CDATA[org.testng.TestNGException: 
Parameter 'username' is required by @Test on method negativeTest but has not been marked @Optional or defined

at org.infinitest.testrunner.testng.TestNgRunner.runTest(TestNgRunner.java:82)
at org.infinitest.testrunner.DefaultRunner.runTest(DefaultRunner.java:60)
at org.infinitest.testrunner.TestRunnerProcess.runTest(TestRunnerProcess.java:70)
at org.infinitest.testrunner.TestRunnerProcess.writeTestResultToOutputStream(TestRunnerProcess.java:112)
at org.infinitest.testrunner.TestRunnerProcess.main(TestRunnerProcess.java:89)
... Removed 21 stack frames]]>
    </failure>
  </testcase> <!-- negativeTest -->
</testsuite> <!-- Command line test -->
